[{"line":1,"elements":[{"start_timestamp":"2024-11-15T07:04:50.967Z","before":[{"result":{"duration":4760138500,"status":"passed"},"match":{"location":"base.Hooks.onStart()"}}],"line":5,"name":"Successfully create an account with valid details","description":"","id":"test-account-creation;successfully-create-an-account-with-valid-details","after":[{"result":{"duration":3579427000,"status":"passed"},"match":{"location":"base.Hooks.afterScenario(io.cucumber.java.Scenario)"}}],"type":"scenario","keyword":"Scenario","steps":[{"result":{"duration":31084439600,"status":"passed"},"line":6,"name":"I am on Create New Customer Account page","match":{"location":"stepDefinitions.CreateAccountPageStepDefinition.iAmOnCreateNewCustomerAccountPage()"},"keyword":"Given "},{"result":{"duration":335537600,"status":"passed"},"line":7,"name":"I enter a valid First Name ''","match":{"arguments":[{"val":"''","offset":27}],"location":"stepDefinitions.CreateAccountPageStepDefinition.iEnterAValidFirstName(java.lang.String)"},"keyword":"When "},{"result":{"duration":282124200,"status":"passed"},"line":8,"name":"I enter a valid Last Name ''","match":{"arguments":[{"val":"''","offset":26}],"location":"stepDefinitions.CreateAccountPageStepDefinition.iEnterAValidLastName(java.lang.String)"},"keyword":"And "},{"result":{"duration":1125248900,"status":"passed"},"line":9,"name":"I enter a valid Email ''","match":{"arguments":[{"val":"''","offset":22}],"location":"stepDefinitions.CreateAccountPageStepDefinition.iEnterAValidEmail(java.lang.String)"},"keyword":"And "},{"result":{"duration":223873600,"status":"passed"},"line":10,"name":"I enter a valid Password ''","match":{"arguments":[{"val":"''","offset":25}],"location":"stepDefinitions.CreateAccountPageStepDefinition.iEnterAValidPassword(java.lang.String)"},"keyword":"And "},{"result":{"duration":145915500,"status":"passed"},"line":11,"name":"I confirm a valid Password ''","match":{"arguments":[{"val":"''","offset":27}],"location":"stepDefinitions.CreateAccountPageStepDefinition.iConfirmAValidPassword(java.lang.String)"},"keyword":"And "},{"result":{"duration":9948822400,"status":"passed"},"line":12,"name":"I click on Create An Account icon","match":{"location":"stepDefinitions.CreateAccountPageStepDefinition.iClickOnCreateAnAccountIcon()"},"keyword":"And "},{"result":{"duration":19984500,"status":"passed"},"line":13,"name":"I should be able to successfully create an account and redirected to My Account page","match":{"location":"stepDefinitions.CreateAccountPageStepDefinition.iShouldBeAbleToSuccessfullyCreateAnAccountAndRedirectedToMyAccountPage()"},"keyword":"Then "},{"result":{"duration":133203500,"status":"passed"},"line":14,"name":"I should see a message 'Thank you for registering with Main Website Store.'","match":{"arguments":[{"val":"'Thank you for registering with Main Website Store.'","offset":23}],"location":"stepDefinitions.CreateAccountPageStepDefinition.iShouldSeeAMessageThankYouForRegisteringWithMainWebsiteStore(java.lang.String)"},"keyword":"And "}]},{"start_timestamp":"2024-11-15T07:05:42.795Z","before":[{"result":{"duration":5843190100,"status":"passed"},"match":{"location":"base.Hooks.onStart()"}}],"line":17,"name":"Failed to create an account with existing Email","description":"","id":"test-account-creation;failed-to-create-an-account-with-existing-email","after":[{"result":{"duration":6970626700,"status":"passed"},"match":{"location":"base.Hooks.afterScenario(io.cucumber.java.Scenario)"}}],"type":"scenario","keyword":"Scenario","steps":[{"result":{"duration":29752783900,"status":"passed"},"line":18,"name":"I am on Create New Customer Account page","match":{"location":"stepDefinitions.CreateAccountPageStepDefinition.iAmOnCreateNewCustomerAccountPage()"},"keyword":"Given "},{"result":{"duration":213807800,"status":"passed"},"line":19,"name":"I enter a valid First Name 'Jack'","match":{"arguments":[{"val":"'Jack'","offset":27}],"location":"stepDefinitions.CreateAccountPageStepDefinition.iEnterAValidFirstName(java.lang.String)"},"keyword":"When "},{"result":{"duration":151498100,"status":"passed"},"line":20,"name":"I enter a valid Last Name 'Harper'","match":{"arguments":[{"val":"'Harper'","offset":26}],"location":"stepDefinitions.CreateAccountPageStepDefinition.iEnterAValidLastName(java.lang.String)"},"keyword":"And "},{"result":{"duration":255855100,"status":"passed"},"line":21,"name":"I enter a valid Email 'greghouse_testdummy@gmail.com'","match":{"arguments":[{"val":"'greghouse_testdummy@gmail.com'","offset":22}],"location":"stepDefinitions.CreateAccountPageStepDefinition.iEnterAValidEmail(java.lang.String)"},"keyword":"And "},{"result":{"duration":259247300,"status":"passed"},"line":22,"name":"I enter a valid Password 'JackHar123@'","match":{"arguments":[{"val":"'JackHar123@'","offset":25}],"location":"stepDefinitions.CreateAccountPageStepDefinition.iEnterAValidPassword(java.lang.String)"},"keyword":"And "},{"result":{"duration":143031100,"status":"passed"},"line":23,"name":"I confirm a valid Password 'JackHar123@'","match":{"arguments":[{"val":"'JackHar123@'","offset":27}],"location":"stepDefinitions.CreateAccountPageStepDefinition.iConfirmAValidPassword(java.lang.String)"},"keyword":"And "},{"result":{"duration":7311814500,"status":"passed"},"line":24,"name":"I click on Create An Account icon","match":{"location":"stepDefinitions.CreateAccountPageStepDefinition.iClickOnCreateAnAccountIcon()"},"keyword":"And "},{"result":{"status":"passed"},"line":25,"name":"I should be not be able to create an account","match":{"location":"stepDefinitions.CreateAccountPageStepDefinition.iShouldBeNotBeAbleToCreateAnAccount()"},"keyword":"Then "},{"result":{"duration":128715100,"status":"passed"},"line":26,"name":"I should see an existing email error message 'There is already an account with this email address. If you are sure that it is your email address, click here to get your password and access your account.'","match":{"arguments":[{"val":"'There is already an account with this email address. If you are sure that it is your email address, click here to get your password and access your account.'","offset":45}],"location":"stepDefinitions.CreateAccountPageStepDefinition.iShouldSeeAnExistingEmailErrorMessage(java.lang.String)"},"keyword":"And "}]},{"start_timestamp":"2024-11-15T07:06:33.851Z","before":[{"result":{"duration":4235539800,"status":"passed"},"match":{"location":"base.Hooks.onStart()"}}],"line":42,"name":"Failed to create an account with missing required fields","description":"","id":"test-account-creation;failed-to-create-an-account-with-missing-required-fields;;2","after":[{"result":{"duration":11600121400,"status":"passed"},"match":{"location":"base.Hooks.afterScenario(io.cucumber.java.Scenario)"}}],"type":"scenario","keyword":"Scenario Outline","steps":[{"result":{"duration":26866489900,"status":"passed"},"line":30,"name":"I am on Create New Customer Account page","match":{"location":"stepDefinitions.CreateAccountPageStepDefinition.iAmOnCreateNewCustomerAccountPage()"},"keyword":"Given "},{"result":{"duration":158684300,"status":"passed"},"line":31,"name":"I enter a valid First Name 'null'","match":{"arguments":[{"val":"'null'","offset":27}],"location":"stepDefinitions.CreateAccountPageStepDefinition.iEnterAValidFirstName(java.lang.String)"},"keyword":"When "},{"result":{"duration":166899700,"status":"passed"},"line":32,"name":"I enter a valid Last Name 'Harper'","match":{"arguments":[{"val":"'Harper'","offset":26}],"location":"stepDefinitions.CreateAccountPageStepDefinition.iEnterAValidLastName(java.lang.String)"},"keyword":"And "},{"result":{"duration":458658900,"status":"passed"},"line":33,"name":"I enter a valid Email 'jackharper_testdummy@gmail.com'","match":{"arguments":[{"val":"'jackharper_testdummy@gmail.com'","offset":22}],"location":"stepDefinitions.CreateAccountPageStepDefinition.iEnterAValidEmail(java.lang.String)"},"keyword":"And "},{"result":{"duration":317909200,"status":"passed"},"line":34,"name":"I enter a valid Password 'jackharper123@'","match":{"arguments":[{"val":"'jackharper123@'","offset":25}],"location":"stepDefinitions.CreateAccountPageStepDefinition.iEnterAValidPassword(java.lang.String)"},"keyword":"And "},{"result":{"duration":170895900,"status":"passed"},"line":35,"name":"I confirm a valid Password 'jackharper123@'","match":{"arguments":[{"val":"'jackharper123@'","offset":27}],"location":"stepDefinitions.CreateAccountPageStepDefinition.iConfirmAValidPassword(java.lang.String)"},"keyword":"And "},{"result":{"duration":2116309200,"status":"passed"},"line":36,"name":"I click on Create An Account icon","match":{"location":"stepDefinitions.CreateAccountPageStepDefinition.iClickOnCreateAnAccountIcon()"},"keyword":"And "},{"result":{"status":"passed"},"line":37,"name":"I should be not be able to create an account","match":{"location":"stepDefinitions.CreateAccountPageStepDefinition.iShouldBeNotBeAbleToCreateAnAccount()"},"keyword":"Then "},{"result":{"duration":602654100,"status":"passed"},"line":38,"name":"I should see a missing field error message 'This is a required field.' under 'First Name'","match":{"arguments":[{"val":"'This is a required field.'","offset":43},{"val":"'First Name'","offset":77}],"location":"stepDefinitions.CreateAccountPageStepDefinition.iShouldSeeAMissingFieldErrorMessage(java.lang.String,java.lang.String)"},"keyword":"And "}]},{"start_timestamp":"2024-11-15T07:08:01.804Z","before":[{"result":{"duration":6992742700,"status":"passed"},"match":{"location":"base.Hooks.onStart()"}}],"line":43,"name":"Failed to create an account with missing required fields","description":"","id":"test-account-creation;failed-to-create-an-account-with-missing-required-fields;;3","after":[{"result":{"duration":7158887500,"status":"passed"},"match":{"location":"base.Hooks.afterScenario(io.cucumber.java.Scenario)"}}],"type":"scenario","keyword":"Scenario Outline","steps":[{"result":{"duration":44704146500,"status":"passed"},"line":30,"name":"I am on Create New Customer Account page","match":{"location":"stepDefinitions.CreateAccountPageStepDefinition.iAmOnCreateNewCustomerAccountPage()"},"keyword":"Given "},{"result":{"duration":3783818100,"status":"passed"},"line":31,"name":"I enter a valid First Name 'Jack'","match":{"arguments":[{"val":"'Jack'","offset":27}],"location":"stepDefinitions.CreateAccountPageStepDefinition.iEnterAValidFirstName(java.lang.String)"},"keyword":"When "},{"result":{"duration":166903000,"status":"passed"},"line":32,"name":"I enter a valid Last Name 'null'","match":{"arguments":[{"val":"'null'","offset":26}],"location":"stepDefinitions.CreateAccountPageStepDefinition.iEnterAValidLastName(java.lang.String)"},"keyword":"And "},{"result":{"duration":264848900,"status":"passed"},"line":33,"name":"I enter a valid Email 'jackharper_testdummy@gmail.com'","match":{"arguments":[{"val":"'jackharper_testdummy@gmail.com'","offset":22}],"location":"stepDefinitions.CreateAccountPageStepDefinition.iEnterAValidEmail(java.lang.String)"},"keyword":"And "},{"result":{"duration":292839100,"status":"passed"},"line":34,"name":"I enter a valid Password 'jackharper123@'","match":{"arguments":[{"val":"'jackharper123@'","offset":25}],"location":"stepDefinitions.CreateAccountPageStepDefinition.iEnterAValidPassword(java.lang.String)"},"keyword":"And "},{"result":{"duration":177899100,"status":"passed"},"line":35,"name":"I confirm a valid Password 'jackharper123@'","match":{"arguments":[{"val":"'jackharper123@'","offset":27}],"location":"stepDefinitions.CreateAccountPageStepDefinition.iConfirmAValidPassword(java.lang.String)"},"keyword":"And "},{"result":{"duration":1539731300,"status":"passed"},"line":36,"name":"I click on Create An Account icon","match":{"location":"stepDefinitions.CreateAccountPageStepDefinition.iClickOnCreateAnAccountIcon()"},"keyword":"And "},{"result":{"status":"passed"},"line":37,"name":"I should be not be able to create an account","match":{"location":"stepDefinitions.CreateAccountPageStepDefinition.iShouldBeNotBeAbleToCreateAnAccount()"},"keyword":"Then "},{"result":{"duration":341798500,"status":"passed"},"line":38,"name":"I should see a missing field error message 'This is a required field.' under 'Last Name'","match":{"arguments":[{"val":"'This is a required field.'","offset":43},{"val":"'Last Name'","offset":77}],"location":"stepDefinitions.CreateAccountPageStepDefinition.iShouldSeeAMissingFieldErrorMessage(java.lang.String,java.lang.String)"},"keyword":"And "}]},{"start_timestamp":"2024-11-15T07:09:07.253Z","before":[{"result":{"duration":21007385300,"status":"passed"},"match":{"location":"base.Hooks.onStart()"}}],"line":44,"name":"Failed to create an account with missing required fields","description":"","id":"test-account-creation;failed-to-create-an-account-with-missing-required-fields;;4","after":[{"result":{"duration":15679783700,"status":"passed"},"match":{"location":"base.Hooks.afterScenario(io.cucumber.java.Scenario)"}}],"type":"scenario","keyword":"Scenario Outline","steps":[{"result":{"duration":46393096400,"status":"passed"},"line":30,"name":"I am on Create New Customer Account page","match":{"location":"stepDefinitions.CreateAccountPageStepDefinition.iAmOnCreateNewCustomerAccountPage()"},"keyword":"Given "},{"result":{"duration":18991097000,"status":"passed"},"line":31,"name":"I enter a valid First Name 'Jack'","match":{"arguments":[{"val":"'Jack'","offset":27}],"location":"stepDefinitions.CreateAccountPageStepDefinition.iEnterAValidFirstName(java.lang.String)"},"keyword":"When "},{"result":{"duration":1573097300,"status":"passed"},"line":32,"name":"I enter a valid Last Name 'Harper'","match":{"arguments":[{"val":"'Harper'","offset":26}],"location":"stepDefinitions.CreateAccountPageStepDefinition.iEnterAValidLastName(java.lang.String)"},"keyword":"And "},{"result":{"duration":309820200,"status":"passed"},"line":33,"name":"I enter a valid Email 'null'","match":{"arguments":[{"val":"'null'","offset":22}],"location":"stepDefinitions.CreateAccountPageStepDefinition.iEnterAValidEmail(java.lang.String)"},"keyword":"And "},{"result":{"duration":897468300,"status":"passed"},"line":34,"name":"I enter a valid Password 'jackharper123@'","match":{"arguments":[{"val":"'jackharper123@'","offset":25}],"location":"stepDefinitions.CreateAccountPageStepDefinition.iEnterAValidPassword(java.lang.String)"},"keyword":"And "},{"result":{"duration":369794600,"status":"passed"},"line":35,"name":"I confirm a valid Password 'jackharper123@'","match":{"arguments":[{"val":"'jackharper123@'","offset":27}],"location":"stepDefinitions.CreateAccountPageStepDefinition.iConfirmAValidPassword(java.lang.String)"},"keyword":"And "},{"result":{"duration":2405612500,"status":"passed"},"line":36,"name":"I click on Create An Account icon","match":{"location":"stepDefinitions.CreateAccountPageStepDefinition.iClickOnCreateAnAccountIcon()"},"keyword":"And "},{"result":{"status":"passed"},"line":37,"name":"I should be not be able to create an account","match":{"location":"stepDefinitions.CreateAccountPageStepDefinition.iShouldBeNotBeAbleToCreateAnAccount()"},"keyword":"Then "},{"result":{"duration":132923300,"status":"passed"},"line":38,"name":"I should see a missing field error message 'This is a required field.' under 'Email'","match":{"arguments":[{"val":"'This is a required field.'","offset":43},{"val":"'Email'","offset":77}],"location":"stepDefinitions.CreateAccountPageStepDefinition.iShouldSeeAMissingFieldErrorMessage(java.lang.String,java.lang.String)"},"keyword":"And "}]},{"start_timestamp":"2024-11-15T07:10:55.036Z","before":[{"result":{"duration":5143241600,"status":"passed"},"match":{"location":"base.Hooks.onStart()"}}],"line":45,"name":"Failed to create an account with missing required fields","description":"","id":"test-account-creation;failed-to-create-an-account-with-missing-required-fields;;5","after":[{"result":{"duration":4998105700,"status":"passed"},"match":{"location":"base.Hooks.afterScenario(io.cucumber.java.Scenario)"}}],"type":"scenario","keyword":"Scenario Outline","steps":[{"result":{"duration":32634669400,"status":"passed"},"line":30,"name":"I am on Create New Customer Account page","match":{"location":"stepDefinitions.CreateAccountPageStepDefinition.iAmOnCreateNewCustomerAccountPage()"},"keyword":"Given "},{"result":{"duration":239862000,"status":"passed"},"line":31,"name":"I enter a valid First Name 'Jack'","match":{"arguments":[{"val":"'Jack'","offset":27}],"location":"stepDefinitions.CreateAccountPageStepDefinition.iEnterAValidFirstName(java.lang.String)"},"keyword":"When "},{"result":{"duration":219876600,"status":"passed"},"line":32,"name":"I enter a valid Last Name 'Harper'","match":{"arguments":[{"val":"'Harper'","offset":26}],"location":"stepDefinitions.CreateAccountPageStepDefinition.iEnterAValidLastName(java.lang.String)"},"keyword":"And "},{"result":{"duration":445742800,"status":"passed"},"line":33,"name":"I enter a valid Email 'jackharper_testdummy@gmail.com'","match":{"arguments":[{"val":"'jackharper_testdummy@gmail.com'","offset":22}],"location":"stepDefinitions.CreateAccountPageStepDefinition.iEnterAValidEmail(java.lang.String)"},"keyword":"And "},{"result":{"duration":6238074700,"status":"passed"},"line":34,"name":"I enter a valid Password 'null'","match":{"arguments":[{"val":"'null'","offset":25}],"location":"stepDefinitions.CreateAccountPageStepDefinition.iEnterAValidPassword(java.lang.String)"},"keyword":"And "},{"result":{"duration":563681500,"status":"passed"},"line":35,"name":"I confirm a valid Password 'jackharper123@'","match":{"arguments":[{"val":"'jackharper123@'","offset":27}],"location":"stepDefinitions.CreateAccountPageStepDefinition.iConfirmAValidPassword(java.lang.String)"},"keyword":"And "},{"result":{"duration":3206238100,"status":"passed"},"line":36,"name":"I click on Create An Account icon","match":{"location":"stepDefinitions.CreateAccountPageStepDefinition.iClickOnCreateAnAccountIcon()"},"keyword":"And "},{"result":{"status":"passed"},"line":37,"name":"I should be not be able to create an account","match":{"location":"stepDefinitions.CreateAccountPageStepDefinition.iShouldBeNotBeAbleToCreateAnAccount()"},"keyword":"Then "},{"result":{"duration":453741400,"status":"passed"},"line":38,"name":"I should see a missing field error message 'This is a required field.' under 'Password'","match":{"arguments":[{"val":"'This is a required field.'","offset":43},{"val":"'Password'","offset":77}],"location":"stepDefinitions.CreateAccountPageStepDefinition.iShouldSeeAMissingFieldErrorMessage(java.lang.String,java.lang.String)"},"keyword":"And "}]},{"start_timestamp":"2024-11-15T07:11:49.438Z","before":[{"result":{"duration":5812475100,"status":"passed"},"match":{"location":"base.Hooks.onStart()"}}],"line":46,"name":"Failed to create an account with missing required fields","description":"","id":"test-account-creation;failed-to-create-an-account-with-missing-required-fields;;6","after":[{"result":{"duration":2969667100,"status":"passed"},"match":{"location":"base.Hooks.afterScenario(io.cucumber.java.Scenario)"}}],"type":"scenario","keyword":"Scenario Outline","steps":[{"result":{"duration":27245239800,"status":"passed"},"line":30,"name":"I am on Create New Customer Account page","match":{"location":"stepDefinitions.CreateAccountPageStepDefinition.iAmOnCreateNewCustomerAccountPage()"},"keyword":"Given "},{"result":{"duration":215873200,"status":"passed"},"line":31,"name":"I enter a valid First Name 'Jack'","match":{"arguments":[{"val":"'Jack'","offset":27}],"location":"stepDefinitions.CreateAccountPageStepDefinition.iEnterAValidFirstName(java.lang.String)"},"keyword":"When "},{"result":{"duration":365788900,"status":"passed"},"line":32,"name":"I enter a valid Last Name 'Harper'","match":{"arguments":[{"val":"'Harper'","offset":26}],"location":"stepDefinitions.CreateAccountPageStepDefinition.iEnterAValidLastName(java.lang.String)"},"keyword":"And "},{"result":{"duration":403768200,"status":"passed"},"line":33,"name":"I enter a valid Email 'jackharper_testdummy@gmail.com'","match":{"arguments":[{"val":"'jackharper_testdummy@gmail.com'","offset":22}],"location":"stepDefinitions.CreateAccountPageStepDefinition.iEnterAValidEmail(java.lang.String)"},"keyword":"And "},{"result":{"duration":214878200,"status":"passed"},"line":34,"name":"I enter a valid Password 'jackharper123@'","match":{"arguments":[{"val":"'jackharper123@'","offset":25}],"location":"stepDefinitions.CreateAccountPageStepDefinition.iEnterAValidPassword(java.lang.String)"},"keyword":"And "},{"result":{"duration":109935500,"status":"passed"},"line":35,"name":"I confirm a valid Password 'null'","match":{"arguments":[{"val":"'null'","offset":27}],"location":"stepDefinitions.CreateAccountPageStepDefinition.iConfirmAValidPassword(java.lang.String)"},"keyword":"And "},{"result":{"duration":223879300,"status":"passed"},"line":36,"name":"I click on Create An Account icon","match":{"location":"stepDefinitions.CreateAccountPageStepDefinition.iClickOnCreateAnAccountIcon()"},"keyword":"And "},{"result":{"duration":1006900,"status":"passed"},"line":37,"name":"I should be not be able to create an account","match":{"location":"stepDefinitions.CreateAccountPageStepDefinition.iShouldBeNotBeAbleToCreateAnAccount()"},"keyword":"Then "},{"result":{"duration":109922900,"status":"passed"},"line":38,"name":"I should see a missing field error message 'This is a required field.' under 'Confirm Password'","match":{"arguments":[{"val":"'This is a required field.'","offset":43},{"val":"'Confirm Password'","offset":77}],"location":"stepDefinitions.CreateAccountPageStepDefinition.iShouldSeeAMissingFieldErrorMessage(java.lang.String,java.lang.String)"},"keyword":"And "}]},{"start_timestamp":"2024-11-15T07:12:27.134Z","before":[{"result":{"duration":5641477200,"status":"passed"},"match":{"location":"base.Hooks.onStart()"}}],"line":49,"name":"Fail to create an account with a password mismatch","description":"","id":"test-account-creation;fail-to-create-an-account-with-a-password-mismatch","after":[{"result":{"duration":3400024800,"status":"passed"},"match":{"location":"base.Hooks.afterScenario(io.cucumber.java.Scenario)"}}],"type":"scenario","keyword":"Scenario","steps":[{"result":{"duration":23861006800,"status":"passed"},"line":50,"name":"I am on Create New Customer Account page","match":{"location":"stepDefinitions.CreateAccountPageStepDefinition.iAmOnCreateNewCustomerAccountPage()"},"keyword":"Given "},{"result":{"duration":271843700,"status":"passed"},"line":51,"name":"I enter a valid First Name 'Jack'","match":{"arguments":[{"val":"'Jack'","offset":27}],"location":"stepDefinitions.CreateAccountPageStepDefinition.iEnterAValidFirstName(java.lang.String)"},"keyword":"When "},{"result":{"duration":233865700,"status":"passed"},"line":52,"name":"I enter a valid Last Name 'Harper'","match":{"arguments":[{"val":"'Harper'","offset":26}],"location":"stepDefinitions.CreateAccountPageStepDefinition.iEnterAValidLastName(java.lang.String)"},"keyword":"And "},{"result":{"duration":210878100,"status":"passed"},"line":53,"name":"I enter a valid Email 'jackharper_testdummy@gmail.com'","match":{"arguments":[{"val":"'jackharper_testdummy@gmail.com'","offset":22}],"location":"stepDefinitions.CreateAccountPageStepDefinition.iEnterAValidEmail(java.lang.String)"},"keyword":"And "},{"result":{"duration":144915600,"status":"passed"},"line":54,"name":"I enter a valid Password 'jachar123@'","match":{"arguments":[{"val":"'jachar123@'","offset":25}],"location":"stepDefinitions.CreateAccountPageStepDefinition.iEnterAValidPassword(java.lang.String)"},"keyword":"And "},{"result":{"duration":168904300,"status":"passed"},"line":55,"name":"I confirm a valid Password 'asdlkj123@'","match":{"arguments":[{"val":"'asdlkj123@'","offset":27}],"location":"stepDefinitions.CreateAccountPageStepDefinition.iConfirmAValidPassword(java.lang.String)"},"keyword":"And "},{"result":{"duration":258849000,"status":"passed"},"line":56,"name":"I click on Create An Account icon","match":{"location":"stepDefinitions.CreateAccountPageStepDefinition.iClickOnCreateAnAccountIcon()"},"keyword":"And "},{"result":{"status":"passed"},"line":57,"name":"I should be not be able to create an account","match":{"location":"stepDefinitions.CreateAccountPageStepDefinition.iShouldBeNotBeAbleToCreateAnAccount()"},"keyword":"Then "},{"result":{"duration":238864100,"status":"passed"},"line":58,"name":"I should see a mismatch password error message 'Please enter the same value again.'","match":{"arguments":[{"val":"'Please enter the same value again.'","offset":47}],"location":"stepDefinitions.CreateAccountPageStepDefinition.iShouldSeeAMismatchPasswordErrorMessage(java.lang.String)"},"keyword":"And "}]},{"start_timestamp":"2024-11-15T07:13:02.188Z","before":[{"result":{"duration":7626326000,"status":"passed"},"match":{"location":"base.Hooks.onStart()"}}],"line":61,"name":"Fail to create an account when password length is less than 8","description":"","id":"test-account-creation;fail-to-create-an-account-when-password-length-is-less-than-8","after":[{"result":{"duration":36864754600,"status":"passed"},"match":{"location":"base.Hooks.afterScenario(io.cucumber.java.Scenario)"}}],"type":"scenario","keyword":"Scenario","steps":[{"result":{"error_message":"org.openqa.selenium.TimeoutException: java.util.concurrent.TimeoutException\nBuild info: version: '4.23.1', revision: '656257d8e9'\nSystem info: os.name: 'Windows 10', os.arch: 'amd64', os.version: '10.0', java.version: '18.0.1.1'\nDriver info: org.openqa.selenium.chrome.ChromeDriver\nCommand: [687b7b713b2416cfacdc408a84f17c11, get {url=https://magento.softwaretestingboard.com/customer/account/create}]\nCapabilities {acceptInsecureCerts: false, browserName: chrome, browserVersion: 131.0.6778.69, chrome: {chromedriverVersion: 131.0.6778.69 (77e2244bbcda..., userDataDir: C:\\Users\\a\\AppData\\Local\\Te...}, fedcm:accounts: true, goog:chromeOptions: {debuggerAddress: localhost:50855}, networkConnectionEnabled: false, pageLoadStrategy: normal, platformName: windows, proxy: Proxy(), se:cdp: ws://localhost:50855/devtoo..., se:cdpVersion: 131.0.6778.69, setWindowRect: true, strictFileInteractability: false, timeouts: {implicit: 0, pageLoad: 300000, script: 30000}, unhandledPromptBehavior: dismiss and notify, webauthn:extension:credBlob: true, webauthn:extension:largeBlob: true, webauthn:extension:minPinLength: true, webauthn:extension:prf: true, webauthn:virtualAuthenticators: true}\nSession ID: 687b7b713b2416cfacdc408a84f17c11\r\n\tat org.openqa.selenium.remote.http.jdk.JdkHttpClient.execute0(JdkHttpClient.java:418)\r\n\tat org.openqa.selenium.remote.http.AddSeleniumUserAgent.lambda$apply$0(AddSeleniumUserAgent.java:42)\r\n\tat org.openqa.selenium.remote.http.Filter.lambda$andFinally$1(Filter.java:55)\r\n\tat org.openqa.selenium.remote.http.jdk.JdkHttpClient.execute(JdkHttpClient.java:374)\r\n\tat org.openqa.selenium.remote.HttpCommandExecutor.execute(HttpCommandExecutor.java:187)\r\n\tat org.openqa.selenium.remote.service.DriverCommandExecutor.invokeExecute(DriverCommandExecutor.java:216)\r\n\tat org.openqa.selenium.remote.service.DriverCommandExecutor.execute(DriverCommandExecutor.java:174)\r\n\tat org.openqa.selenium.remote.RemoteWebDriver.execute(RemoteWebDriver.java:545)\r\n\tat org.openqa.selenium.remote.RemoteWebDriver.get(RemoteWebDriver.java:313)\r\n\tat stepDefinitions.CreateAccountPageStepDefinition.iAmOnCreateNewCustomerAccountPage(CreateAccountPageStepDefinition.java:35)\r\n\tat âœ½.I am on Create New Customer Account page(file:///F:/IntelliJ%20Projects/MagentoTesting/src/test/resources/features/Create_An_Account_Page.feature:62)\r\nCaused by: java.util.concurrent.TimeoutException\r\n\tat java.base/java.util.concurrent.CompletableFuture.timedGet(CompletableFuture.java:1960)\r\n\tat java.base/java.util.concurrent.CompletableFuture.get(CompletableFuture.java:2095)\r\n\tat org.openqa.selenium.remote.http.jdk.JdkHttpClient.execute0(JdkHttpClient.java:401)\r\n\tat org.openqa.selenium.remote.http.AddSeleniumUserAgent.lambda$apply$0(AddSeleniumUserAgent.java:42)\r\n\tat org.openqa.selenium.remote.http.Filter.lambda$andFinally$1(Filter.java:55)\r\n\tat org.openqa.selenium.remote.http.jdk.JdkHttpClient.execute(JdkHttpClient.java:374)\r\n\tat org.openqa.selenium.remote.HttpCommandExecutor.execute(HttpCommandExecutor.java:187)\r\n\tat org.openqa.selenium.remote.service.DriverCommandExecutor.invokeExecute(DriverCommandExecutor.java:216)\r\n\tat org.openqa.selenium.remote.service.DriverCommandExecutor.execute(DriverCommandExecutor.java:174)\r\n\tat org.openqa.selenium.remote.RemoteWebDriver.execute(RemoteWebDriver.java:545)\r\n\tat org.openqa.selenium.remote.RemoteWebDriver.get(RemoteWebDriver.java:313)\r\n\tat stepDefinitions.CreateAccountPageStepDefinition.iAmOnCreateNewCustomerAccountPage(CreateAccountPageStepDefinition.java:35)\r\n\tat java.base/jdk.internal.reflect.DirectMethodHandleAccessor.invoke(DirectMethodHandleAccessor.java:104)\r\n\tat java.base/java.lang.reflect.Method.invoke(Method.java:577)\r\n\tat io.cucumber.java.Invoker.doInvoke(Invoker.java:66)\r\n\tat io.cucumber.java.Invoker.invoke(Invoker.java:24)\r\n\tat io.cucumber.java.AbstractGlueDefinition.invokeMethod(AbstractGlueDefinition.java:47)\r\n\tat io.cucumber.java.JavaStepDefinition.execute(JavaStepDefinition.java:29)\r\n\tat io.cucumber.core.runner.CoreStepDefinition.execute(CoreStepDefinition.java:66)\r\n\tat io.cucumber.core.runner.PickleStepDefinitionMatch.runStep(PickleStepDefinitionMatch.java:62)\r\n\tat io.cucumber.core.runner.ExecutionMode$1.execute(ExecutionMode.java:10)\r\n\tat io.cucumber.core.runner.TestStep.executeStep(TestStep.java:81)\r\n\tat io.cucumber.core.runner.TestStep.run(TestStep.java:53)\r\n\tat io.cucumber.core.runner.PickleStepTestStep.run(PickleStepTestStep.java:51)\r\n\tat io.cucumber.core.runner.TestCase.run(TestCase.java:84)\r\n\tat io.cucumber.core.runner.Runner.runPickle(Runner.java:75)\r\n\tat io.cucumber.junit.PickleRunners$NoStepDescriptions.lambda$run$0(PickleRunners.java:151)\r\n\tat io.cucumber.core.runtime.CucumberExecutionContext.lambda$runTestCase$5(CucumberExecutionContext.java:136)\r\n\tat io.cucumber.core.runtime.RethrowingThrowableCollector.executeAndThrow(RethrowingThrowableCollector.java:23)\r\n\tat io.cucumber.core.runtime.CucumberExecutionContext.runTestCase(CucumberExecutionContext.java:136)\r\n\tat io.cucumber.junit.PickleRunners$NoStepDescriptions.run(PickleRunners.java:148)\r\n\tat io.cucumber.junit.FeatureRunner.runChild(FeatureRunner.java:144)\r\n\tat io.cucumber.junit.FeatureRunner.runChild(FeatureRunner.java:28)\r\n\tat org.junit.runners.ParentRunner$4.run(ParentRunner.java:331)\r\n\tat org.junit.runners.ParentRunner$1.schedule(ParentRunner.java:79)\r\n\tat org.junit.runners.ParentRunner.runChildren(ParentRunner.java:329)\r\n\tat org.junit.runners.ParentRunner.access$100(ParentRunner.java:66)\r\n\tat org.junit.runners.ParentRunner$2.evaluate(ParentRunner.java:293)\r\n\tat org.junit.runners.ParentRunner$3.evaluate(ParentRunner.java:306)\r\n\tat org.junit.runners.ParentRunner.run(ParentRunner.java:413)\r\n\tat io.cucumber.junit.FeatureRunner.run(FeatureRunner.java:137)\r\n\tat io.cucumber.junit.Cucumber.runChild(Cucumber.java:196)\r\n\tat io.cucumber.junit.Cucumber.runChild(Cucumber.java:89)\r\n\tat org.junit.runners.ParentRunner$4.run(ParentRunner.java:331)\r\n\tat org.junit.runners.ParentRunner$1.schedule(ParentRunner.java:79)\r\n\tat org.junit.runners.ParentRunner.runChildren(ParentRunner.java:329)\r\n\tat org.junit.runners.ParentRunner.access$100(ParentRunner.java:66)\r\n\tat org.junit.runners.ParentRunner$2.evaluate(ParentRunner.java:293)\r\n\tat io.cucumber.core.runtime.CucumberExecutionContext.lambda$runFeatures$6(CucumberExecutionContext.java:147)\r\n\tat io.cucumber.core.runtime.CucumberExecutionContext.execute(CucumberExecutionContext.java:162)\r\n\tat io.cucumber.core.runtime.CucumberExecutionContext.runFeatures(CucumberExecutionContext.java:145)\r\n\tat io.cucumber.junit.Cucumber$StartAndFinishTestRun.evaluate(Cucumber.java:226)\r\n\tat org.junit.runners.ParentRunner$3.evaluate(ParentRunner.java:306)\r\n\tat org.junit.runners.ParentRunner.run(ParentRunner.java:413)\r\n\tat org.junit.runner.JUnitCore.run(JUnitCore.java:137)\r\n\tat com.intellij.junit4.JUnit4IdeaTestRunner.startRunnerWithArgs(JUnit4IdeaTestRunner.java:69)\r\n\tat com.intellij.rt.junit.IdeaTestRunner$Repeater$1.execute(IdeaTestRunner.java:38)\r\n\tat com.intellij.rt.execution.junit.TestsRepeater.repeat(TestsRepeater.java:11)\r\n\tat com.intellij.rt.junit.IdeaTestRunner$Repeater.startRunnerWithArgs(IdeaTestRunner.java:35)\r\n\tat com.intellij.rt.junit.JUnitStarter.prepareStreamsAndStart(JUnitStarter.java:232)\r\n\tat com.intellij.rt.junit.JUnitStarter.main(JUnitStarter.java:55)\r\n","duration":180991431800,"status":"failed"},"line":62,"name":"I am on Create New Customer Account page","match":{"location":"stepDefinitions.CreateAccountPageStepDefinition.iAmOnCreateNewCustomerAccountPage()"},"keyword":"Given "},{"result":{"duration":1005400,"status":"skipped"},"line":63,"name":"I enter a valid First Name 'Jack'","match":{"arguments":[{"val":"'Jack'","offset":27}],"location":"stepDefinitions.CreateAccountPageStepDefinition.iEnterAValidFirstName(java.lang.String)"},"keyword":"When "},{"result":{"status":"skipped"},"line":64,"name":"I enter a valid Last Name 'Harper'","match":{"arguments":[{"val":"'Harper'","offset":26}],"location":"stepDefinitions.CreateAccountPageStepDefinition.iEnterAValidLastName(java.lang.String)"},"keyword":"And "},{"result":{"status":"skipped"},"line":65,"name":"I enter a valid Email 'jackharper_testdummy@gmail.com'","match":{"arguments":[{"val":"'jackharper_testdummy@gmail.com'","offset":22}],"location":"stepDefinitions.CreateAccountPageStepDefinition.iEnterAValidEmail(java.lang.String)"},"keyword":"And "},{"result":{"duration":999500,"status":"skipped"},"line":66,"name":"I enter a valid Password 'che12@'","match":{"arguments":[{"val":"'che12@'","offset":25}],"location":"stepDefinitions.CreateAccountPageStepDefinition.iEnterAValidPassword(java.lang.String)"},"keyword":"And "},{"result":{"status":"skipped"},"line":67,"name":"I confirm a valid Password 'che12@'","match":{"arguments":[{"val":"'che12@'","offset":27}],"location":"stepDefinitions.CreateAccountPageStepDefinition.iConfirmAValidPassword(java.lang.String)"},"keyword":"And "},{"result":{"status":"skipped"},"line":68,"name":"I click on Create An Account icon","match":{"location":"stepDefinitions.CreateAccountPageStepDefinition.iClickOnCreateAnAccountIcon()"},"keyword":"And "},{"result":{"status":"skipped"},"line":69,"name":"I should be not be able to create an account","match":{"location":"stepDefinitions.CreateAccountPageStepDefinition.iShouldBeNotBeAbleToCreateAnAccount()"},"keyword":"Then "},{"result":{"status":"skipped"},"line":70,"name":"I should see a password length error message 'Minimum length of this field must be equal or greater than 8 symbols. Leading and trailing spaces will be ignored.'","match":{"arguments":[{"val":"'Minimum length of this field must be equal or greater than 8 symbols. Leading and trailing spaces will be ignored.'","offset":45}],"location":"stepDefinitions.CreateAccountPageStepDefinition.iShouldSeeAPasswordLengthErrorMessage(java.lang.String)"},"keyword":"And "}]},{"start_timestamp":"2024-11-15T07:16:48.146Z","before":[{"result":{"duration":17040987200,"status":"passed"},"match":{"location":"base.Hooks.onStart()"}}],"line":86,"name":"Fail to create an account when password does not satisfy combination condition","description":"","id":"test-account-creation;fail-to-create-an-account-when-password-does-not-satisfy-combination-condition;;2","after":[{"result":{"duration":10796890900,"status":"passed"},"match":{"location":"base.Hooks.afterScenario(io.cucumber.java.Scenario)"}}],"type":"scenario","keyword":"Scenario Outline","steps":[{"result":{"duration":43397393700,"status":"passed"},"line":74,"name":"I am on Create New Customer Account page","match":{"location":"stepDefinitions.CreateAccountPageStepDefinition.iAmOnCreateNewCustomerAccountPage()"},"keyword":"Given "},{"result":{"duration":5668105500,"status":"passed"},"line":75,"name":"I enter a valid First Name 'Jack'","match":{"arguments":[{"val":"'Jack'","offset":27}],"location":"stepDefinitions.CreateAccountPageStepDefinition.iEnterAValidFirstName(java.lang.String)"},"keyword":"When "},{"result":{"duration":160226500,"status":"passed"},"line":76,"name":"I enter a valid Last Name 'Harper'","match":{"arguments":[{"val":"'Harper'","offset":26}],"location":"stepDefinitions.CreateAccountPageStepDefinition.iEnterAValidLastName(java.lang.String)"},"keyword":"And "},{"result":{"duration":381474500,"status":"passed"},"line":77,"name":"I enter a valid Email 'jackharper_temmy@gmail.com'","match":{"arguments":[{"val":"'jackharper_temmy@gmail.com'","offset":22}],"location":"stepDefinitions.CreateAccountPageStepDefinition.iEnterAValidEmail(java.lang.String)"},"keyword":"And "},{"result":{"duration":495583000,"status":"passed"},"line":78,"name":"I enter a valid Password 'SSSSDDDD'","match":{"arguments":[{"val":"'SSSSDDDD'","offset":25}],"location":"stepDefinitions.CreateAccountPageStepDefinition.iEnterAValidPassword(java.lang.String)"},"keyword":"And "},{"result":{"duration":384933500,"status":"passed"},"line":79,"name":"I confirm a valid Password 'SSSSDDDD'","match":{"arguments":[{"val":"'SSSSDDDD'","offset":27}],"location":"stepDefinitions.CreateAccountPageStepDefinition.iConfirmAValidPassword(java.lang.String)"},"keyword":"And "},{"result":{"duration":3837710500,"status":"passed"},"line":80,"name":"I click on Create An Account icon","match":{"location":"stepDefinitions.CreateAccountPageStepDefinition.iClickOnCreateAnAccountIcon()"},"keyword":"And "},{"result":{"duration":996300,"status":"passed"},"line":81,"name":"I should be not be able to create an account","match":{"location":"stepDefinitions.CreateAccountPageStepDefinition.iShouldBeNotBeAbleToCreateAnAccount()"},"keyword":"Then "},{"result":{"duration":406099900,"status":"passed"},"line":82,"name":"I should see a unsatisfy password condition error message 'Minimum of different classes of characters in password is 3. Classes of characters: Lower Case, Upper Case, Digits, Special Characters.'","match":{"arguments":[{"val":"'Minimum of different classes of characters in password is 3. Classes of characters: Lower Case, Upper Case, Digits, Special Characters.'","offset":58}],"location":"stepDefinitions.CreateAccountPageStepDefinition.iShouldSeeAUnsatisfyPasswordConditionErrorMessage(java.lang.String)"},"keyword":"And "}]},{"start_timestamp":"2024-11-15T07:18:10.775Z","before":[{"result":{"duration":7603647700,"status":"passed"},"match":{"location":"base.Hooks.onStart()"}}],"line":87,"name":"Fail to create an account when password does not satisfy combination condition","description":"","id":"test-account-creation;fail-to-create-an-account-when-password-does-not-satisfy-combination-condition;;3","after":[{"result":{"duration":8424531600,"status":"passed"},"match":{"location":"base.Hooks.afterScenario(io.cucumber.java.Scenario)"}}],"type":"scenario","keyword":"Scenario Outline","steps":[{"result":{"duration":35763641800,"status":"passed"},"line":74,"name":"I am on Create New Customer Account page","match":{"location":"stepDefinitions.CreateAccountPageStepDefinition.iAmOnCreateNewCustomerAccountPage()"},"keyword":"Given "},{"result":{"duration":211072400,"status":"passed"},"line":75,"name":"I enter a valid First Name 'Jack'","match":{"arguments":[{"val":"'Jack'","offset":27}],"location":"stepDefinitions.CreateAccountPageStepDefinition.iEnterAValidFirstName(java.lang.String)"},"keyword":"When "},{"result":{"duration":227873500,"status":"passed"},"line":76,"name":"I enter a valid Last Name 'Harper'","match":{"arguments":[{"val":"'Harper'","offset":26}],"location":"stepDefinitions.CreateAccountPageStepDefinition.iEnterAValidLastName(java.lang.String)"},"keyword":"And "},{"result":{"duration":277839400,"status":"passed"},"line":77,"name":"I enter a valid Email 'jackharper_temmy@gmail.com'","match":{"arguments":[{"val":"'jackharper_temmy@gmail.com'","offset":22}],"location":"stepDefinitions.CreateAccountPageStepDefinition.iEnterAValidEmail(java.lang.String)"},"keyword":"And "},{"result":{"duration":615965700,"status":"passed"},"line":78,"name":"I enter a valid Password 'ssssdddd'","match":{"arguments":[{"val":"'ssssdddd'","offset":25}],"location":"stepDefinitions.CreateAccountPageStepDefinition.iEnterAValidPassword(java.lang.String)"},"keyword":"And "},{"result":{"duration":177754400,"status":"passed"},"line":79,"name":"I confirm a valid Password 'ssssdddd'","match":{"arguments":[{"val":"'ssssdddd'","offset":27}],"location":"stepDefinitions.CreateAccountPageStepDefinition.iConfirmAValidPassword(java.lang.String)"},"keyword":"And "},{"result":{"duration":1925128000,"status":"passed"},"line":80,"name":"I click on Create An Account icon","match":{"location":"stepDefinitions.CreateAccountPageStepDefinition.iClickOnCreateAnAccountIcon()"},"keyword":"And "},{"result":{"status":"passed"},"line":81,"name":"I should be not be able to create an account","match":{"location":"stepDefinitions.CreateAccountPageStepDefinition.iShouldBeNotBeAbleToCreateAnAccount()"},"keyword":"Then "},{"result":{"duration":675215700,"status":"passed"},"line":82,"name":"I should see a unsatisfy password condition error message 'Minimum of different classes of characters in password is 3. Classes of characters: Lower Case, Upper Case, Digits, Special Characters.'","match":{"arguments":[{"val":"'Minimum of different classes of characters in password is 3. Classes of characters: Lower Case, Upper Case, Digits, Special Characters.'","offset":58}],"location":"stepDefinitions.CreateAccountPageStepDefinition.iShouldSeeAUnsatisfyPasswordConditionErrorMessage(java.lang.String)"},"keyword":"And "}]},{"start_timestamp":"2024-11-15T07:19:50.931Z","before":[{"result":{"duration":6334783400,"status":"passed"},"match":{"location":"base.Hooks.onStart()"}}],"line":88,"name":"Fail to create an account when password does not satisfy combination condition","description":"","id":"test-account-creation;fail-to-create-an-account-when-password-does-not-satisfy-combination-condition;;4","after":[{"result":{"duration":7621081800,"status":"passed"},"match":{"location":"base.Hooks.afterScenario(io.cucumber.java.Scenario)"}}],"type":"scenario","keyword":"Scenario Outline","steps":[{"result":{"duration":26233597900,"status":"passed"},"line":74,"name":"I am on Create New Customer Account page","match":{"location":"stepDefinitions.CreateAccountPageStepDefinition.iAmOnCreateNewCustomerAccountPage()"},"keyword":"Given "},{"result":{"duration":193877200,"status":"passed"},"line":75,"name":"I enter a valid First Name 'Jack'","match":{"arguments":[{"val":"'Jack'","offset":27}],"location":"stepDefinitions.CreateAccountPageStepDefinition.iEnterAValidFirstName(java.lang.String)"},"keyword":"When "},{"result":{"duration":176897800,"status":"passed"},"line":76,"name":"I enter a valid Last Name 'Harper'","match":{"arguments":[{"val":"'Harper'","offset":26}],"location":"stepDefinitions.CreateAccountPageStepDefinition.iEnterAValidLastName(java.lang.String)"},"keyword":"And "},{"result":{"duration":259853100,"status":"passed"},"line":77,"name":"I enter a valid Email 'jackharper_temmy@gmail.com'","match":{"arguments":[{"val":"'jackharper_temmy@gmail.com'","offset":22}],"location":"stepDefinitions.CreateAccountPageStepDefinition.iEnterAValidEmail(java.lang.String)"},"keyword":"And "},{"result":{"duration":286184000,"status":"passed"},"line":78,"name":"I enter a valid Password '12345678'","match":{"arguments":[{"val":"'12345678'","offset":25}],"location":"stepDefinitions.CreateAccountPageStepDefinition.iEnterAValidPassword(java.lang.String)"},"keyword":"And "},{"result":{"duration":260926200,"status":"passed"},"line":79,"name":"I confirm a valid Password '12345678'","match":{"arguments":[{"val":"'12345678'","offset":27}],"location":"stepDefinitions.CreateAccountPageStepDefinition.iConfirmAValidPassword(java.lang.String)"},"keyword":"And "},{"result":{"duration":193891300,"status":"passed"},"line":80,"name":"I click on Create An Account icon","match":{"location":"stepDefinitions.CreateAccountPageStepDefinition.iClickOnCreateAnAccountIcon()"},"keyword":"And "},{"result":{"status":"passed"},"line":81,"name":"I should be not be able to create an account","match":{"location":"stepDefinitions.CreateAccountPageStepDefinition.iShouldBeNotBeAbleToCreateAnAccount()"},"keyword":"Then "},{"result":{"duration":270891000,"status":"passed"},"line":82,"name":"I should see a unsatisfy password condition error message 'Minimum of different classes of characters in password is 3. Classes of characters: Lower Case, Upper Case, Digits, Special Characters.'","match":{"arguments":[{"val":"'Minimum of different classes of characters in password is 3. Classes of characters: Lower Case, Upper Case, Digits, Special Characters.'","offset":58}],"location":"stepDefinitions.CreateAccountPageStepDefinition.iShouldSeeAUnsatisfyPasswordConditionErrorMessage(java.lang.String)"},"keyword":"And "}]},{"start_timestamp":"2024-11-15T07:20:32.786Z","before":[{"result":{"duration":4427717200,"status":"passed"},"match":{"location":"base.Hooks.onStart()"}}],"line":89,"name":"Fail to create an account when password does not satisfy combination condition","description":"","id":"test-account-creation;fail-to-create-an-account-when-password-does-not-satisfy-combination-condition;;5","after":[{"result":{"duration":857777600,"status":"passed"},"match":{"location":"base.Hooks.afterScenario(io.cucumber.java.Scenario)"}}],"type":"scenario","keyword":"Scenario Outline","steps":[{"result":{"duration":13470719100,"status":"passed"},"line":74,"name":"I am on Create New Customer Account page","match":{"location":"stepDefinitions.CreateAccountPageStepDefinition.iAmOnCreateNewCustomerAccountPage()"},"keyword":"Given "},{"result":{"duration":179896100,"status":"passed"},"line":75,"name":"I enter a valid First Name 'Jack'","match":{"arguments":[{"val":"'Jack'","offset":27}],"location":"stepDefinitions.CreateAccountPageStepDefinition.iEnterAValidFirstName(java.lang.String)"},"keyword":"When "},{"result":{"duration":208879400,"status":"passed"},"line":76,"name":"I enter a valid Last Name 'Harper'","match":{"arguments":[{"val":"'Harper'","offset":26}],"location":"stepDefinitions.CreateAccountPageStepDefinition.iEnterAValidLastName(java.lang.String)"},"keyword":"And "},{"result":{"duration":171475100,"status":"passed"},"line":77,"name":"I enter a valid Email 'jackharper_temmy@gmail.com'","match":{"arguments":[{"val":"'jackharper_temmy@gmail.com'","offset":22}],"location":"stepDefinitions.CreateAccountPageStepDefinition.iEnterAValidEmail(java.lang.String)"},"keyword":"And "},{"result":{"duration":170902000,"status":"passed"},"line":78,"name":"I enter a valid Password '@@@@####'","match":{"arguments":[{"val":"'@@@@####'","offset":25}],"location":"stepDefinitions.CreateAccountPageStepDefinition.iEnterAValidPassword(java.lang.String)"},"keyword":"And "},{"result":{"duration":142920600,"status":"passed"},"line":79,"name":"I confirm a valid Password '@@@@####'","match":{"arguments":[{"val":"'@@@@####'","offset":27}],"location":"stepDefinitions.CreateAccountPageStepDefinition.iConfirmAValidPassword(java.lang.String)"},"keyword":"And "},{"result":{"duration":291831500,"status":"passed"},"line":80,"name":"I click on Create An Account icon","match":{"location":"stepDefinitions.CreateAccountPageStepDefinition.iClickOnCreateAnAccountIcon()"},"keyword":"And "},{"result":{"status":"passed"},"line":81,"name":"I should be not be able to create an account","match":{"location":"stepDefinitions.CreateAccountPageStepDefinition.iShouldBeNotBeAbleToCreateAnAccount()"},"keyword":"Then "},{"result":{"duration":82952800,"status":"passed"},"line":82,"name":"I should see a unsatisfy password condition error message 'Minimum of different classes of characters in password is 3. Classes of characters: Lower Case, Upper Case, Digits, Special Characters.'","match":{"arguments":[{"val":"'Minimum of different classes of characters in password is 3. Classes of characters: Lower Case, Upper Case, Digits, Special Characters.'","offset":58}],"location":"stepDefinitions.CreateAccountPageStepDefinition.iShouldSeeAUnsatisfyPasswordConditionErrorMessage(java.lang.String)"},"keyword":"And "}]}],"name":"Test Account Creation","description":"  As a new customer,\n  I want to create a new account on the platform.","id":"test-account-creation","keyword":"Feature","uri":"file:src/test/resources/features/Create_An_Account_Page.feature","tags":[]},{"line":1,"elements":[{"start_timestamp":"2024-11-15T07:20:52.987Z","before":[{"result":{"duration":3119166800,"status":"passed"},"match":{"location":"base.Hooks.onStart()"}}],"line":14,"name":"Test Login with Incorrect password","description":"","id":"test-customer-sign-in;test-login-with-incorrect-password","after":[{"result":{"duration":852164900,"status":"passed"},"match":{"location":"base.Hooks.afterScenario(io.cucumber.java.Scenario)"}}],"type":"scenario","keyword":"Scenario","steps":[{"result":{"duration":38446065400,"status":"passed"},"line":15,"name":"I am on Customer Login page","match":{"location":"stepDefinitions.CustomerLoginPageStepDefinitions.iAmOnCustomerLoginPage()"},"keyword":"Given "},{"result":{"duration":584351900,"status":"passed"},"line":16,"name":"I enter an Email 'greghouse_testdummy@gmail.com'","match":{"arguments":[{"val":"'greghouse_testdummy@gmail.com'","offset":17}],"location":"stepDefinitions.CustomerLoginPageStepDefinitions.iEnterAnEmail(java.lang.String)"},"keyword":"When "},{"result":{"duration":3041289800,"status":"passed"},"line":17,"name":"I enter the Password 'IncorrectPass'","match":{"arguments":[{"val":"'IncorrectPass'","offset":21}],"location":"stepDefinitions.CustomerLoginPageStepDefinitions.iEnterThePasswordValidPassword(java.lang.String)"},"keyword":"And "},{"result":{"duration":3779494200,"status":"passed"},"line":18,"name":"I click on Sign In","match":{"location":"stepDefinitions.CustomerLoginPageStepDefinitions.iClickOnSignIn()"},"keyword":"And "},{"result":{"duration":121968700,"status":"passed"},"line":19,"name":"I should see an error message 'The account sign-in was incorrect or your account is disabled temporarily. Please wait and try again later.'","match":{"arguments":[{"val":"'The account sign-in was incorrect or your account is disabled temporarily. Please wait and try again later.'","offset":30}],"location":"stepDefinitions.CustomerLoginPageStepDefinitions.iShouldSeeAnErrorMessage(java.lang.String)"},"keyword":"Then "}]},{"start_timestamp":"2024-11-15T07:21:43.063Z","before":[{"result":{"duration":2886951400,"status":"passed"},"match":{"location":"base.Hooks.onStart()"}}],"line":22,"name":"Test Login with empty email","description":"","id":"test-customer-sign-in;test-login-with-empty-email","after":[{"result":{"duration":1258550900,"status":"passed"},"match":{"location":"base.Hooks.afterScenario(io.cucumber.java.Scenario)"}}],"type":"scenario","keyword":"Scenario","steps":[{"result":{"duration":21648046200,"status":"passed"},"line":23,"name":"I am on Customer Login page","match":{"location":"stepDefinitions.CustomerLoginPageStepDefinitions.iAmOnCustomerLoginPage()"},"keyword":"Given "},{"result":{"duration":347799000,"status":"passed"},"line":24,"name":"I enter an Email ''","match":{"arguments":[{"val":"''","offset":17}],"location":"stepDefinitions.CustomerLoginPageStepDefinitions.iEnterAnEmail(java.lang.String)"},"keyword":"When "},{"result":{"duration":315821300,"status":"passed"},"line":25,"name":"I enter the Password 'greghouse@123'","match":{"arguments":[{"val":"'greghouse@123'","offset":21}],"location":"stepDefinitions.CustomerLoginPageStepDefinitions.iEnterThePasswordValidPassword(java.lang.String)"},"keyword":"And "},{"result":{"duration":8304368700,"status":"passed"},"line":26,"name":"I click on Sign In","match":{"location":"stepDefinitions.CustomerLoginPageStepDefinitions.iClickOnSignIn()"},"keyword":"And "},{"result":{"duration":132925800,"status":"passed"},"line":27,"name":"I should see an error message below Email 'This is a required field.'.","match":{"arguments":[{"val":"'This is a required field.'","offset":42}],"location":"stepDefinitions.CustomerLoginPageStepDefinitions.iShouldSeeAnErrorMessageBelowEmail(java.lang.String)"},"keyword":"Then "}]},{"start_timestamp":"2024-11-15T07:22:18.039Z","before":[{"result":{"duration":3854195000,"status":"passed"},"match":{"location":"base.Hooks.onStart()"}}],"line":30,"name":"Test Login with empty password","description":"","id":"test-customer-sign-in;test-login-with-empty-password","after":[{"result":{"duration":4071044700,"status":"passed"},"match":{"location":"base.Hooks.afterScenario(io.cucumber.java.Scenario)"}}],"type":"scenario","keyword":"Scenario","steps":[{"result":{"duration":24929351400,"status":"passed"},"line":31,"name":"I am on Customer Login page","match":{"location":"stepDefinitions.CustomerLoginPageStepDefinitions.iAmOnCustomerLoginPage()"},"keyword":"Given "},{"result":{"duration":514703900,"status":"passed"},"line":32,"name":"I enter an Email 'greghouse_testdummy@gmail.com'","match":{"arguments":[{"val":"'greghouse_testdummy@gmail.com'","offset":17}],"location":"stepDefinitions.CustomerLoginPageStepDefinitions.iEnterAnEmail(java.lang.String)"},"keyword":"When "},{"result":{"duration":371785800,"status":"passed"},"line":33,"name":"I enter the Password ''","match":{"arguments":[{"val":"''","offset":21}],"location":"stepDefinitions.CustomerLoginPageStepDefinitions.iEnterThePasswordValidPassword(java.lang.String)"},"keyword":"And "},{"result":{"duration":753568500,"status":"passed"},"line":34,"name":"I click on Sign In","match":{"location":"stepDefinitions.CustomerLoginPageStepDefinitions.iClickOnSignIn()"},"keyword":"And "},{"result":{"error_message":"org.openqa.selenium.NoSuchElementException: no such element: Unable to locate element: {\"method\":\"xpath\",\"selector\":\"//*[@id=\"maincontent\"]/div[2]/div[2]/div/div/div\"}\n  (Session info: chrome=131.0.6778.69)\nFor documentation on this error, please visit: https://www.selenium.dev/documentation/webdriver/troubleshooting/errors#no-such-element-exception\nBuild info: version: '4.23.1', revision: '656257d8e9'\nSystem info: os.name: 'Windows 10', os.arch: 'amd64', os.version: '10.0', java.version: '18.0.1.1'\nDriver info: org.openqa.selenium.chrome.ChromeDriver\nCommand: [57996fd06ecf6f7e88f6d66cc0f7a2fb, findElement {value=//*[@id=\"maincontent\"]/div[2]/div[2]/div/div/div, using=xpath}]\nCapabilities {acceptInsecureCerts: false, browserName: chrome, browserVersion: 131.0.6778.69, chrome: {chromedriverVersion: 131.0.6778.69 (77e2244bbcda..., userDataDir: C:\\Users\\a\\AppData\\Local\\Te...}, fedcm:accounts: true, goog:chromeOptions: {debuggerAddress: localhost:51111}, networkConnectionEnabled: false, pageLoadStrategy: normal, platformName: windows, proxy: Proxy(), se:cdp: ws://localhost:51111/devtoo..., se:cdpVersion: 131.0.6778.69, setWindowRect: true, strictFileInteractability: false, timeouts: {implicit: 0, pageLoad: 300000, script: 30000}, unhandledPromptBehavior: dismiss and notify, webauthn:extension:credBlob: true, webauthn:extension:largeBlob: true, webauthn:extension:minPinLength: true, webauthn:extension:prf: true, webauthn:virtualAuthenticators: true}\nSession ID: 57996fd06ecf6f7e88f6d66cc0f7a2fb\r\n\tat java.base/jdk.internal.reflect.DirectConstructorHandleAccessor.newInstance(DirectConstructorHandleAccessor.java:67)\r\n\tat java.base/java.lang.reflect.Constructor.newInstanceWithCaller(Constructor.java:499)\r\n\tat java.base/java.lang.reflect.Constructor.newInstance(Constructor.java:483)\r\n\tat org.openqa.selenium.remote.ErrorCodec.decode(ErrorCodec.java:167)\r\n\tat org.openqa.selenium.remote.codec.w3c.W3CHttpResponseCodec.decode(W3CHttpResponseCodec.java:138)\r\n\tat org.openqa.selenium.remote.codec.w3c.W3CHttpResponseCodec.decode(W3CHttpResponseCodec.java:50)\r\n\tat org.openqa.selenium.remote.HttpCommandExecutor.execute(HttpCommandExecutor.java:190)\r\n\tat org.openqa.selenium.remote.service.DriverCommandExecutor.invokeExecute(DriverCommandExecutor.java:216)\r\n\tat org.openqa.selenium.remote.service.DriverCommandExecutor.execute(DriverCommandExecutor.java:174)\r\n\tat org.openqa.selenium.remote.RemoteWebDriver.execute(RemoteWebDriver.java:545)\r\n\tat org.openqa.selenium.remote.ElementLocation$ElementFinder$2.findElement(ElementLocation.java:165)\r\n\tat org.openqa.selenium.remote.ElementLocation.findElement(ElementLocation.java:59)\r\n\tat org.openqa.selenium.remote.RemoteWebDriver.findElement(RemoteWebDriver.java:368)\r\n\tat org.openqa.selenium.remote.RemoteWebDriver.findElement(RemoteWebDriver.java:362)\r\n\tat org.openqa.selenium.support.pagefactory.DefaultElementLocator.findElement(DefaultElementLocator.java:68)\r\n\tat org.openqa.selenium.support.pagefactory.internal.LocatingElementHandler.invoke(LocatingElementHandler.java:38)\r\n\tat jdk.proxy2/jdk.proxy2.$Proxy24.isDisplayed(Unknown Source)\r\n\tat pages.CustomerLoginPage.readMissingPassErr(CustomerLoginPage.java:72)\r\n\tat stepDefinitions.CustomerLoginPageStepDefinitions.iShouldSeeAnErrorMessageBelowPassword(CustomerLoginPageStepDefinitions.java:86)\r\n\tat âœ½.I should see an error message below Password 'This is a required field.'.(file:///F:/IntelliJ%20Projects/MagentoTesting/src/test/resources/features/Customer_Login_Page.feature:35)\r\n","duration":10239871100,"status":"failed"},"line":35,"name":"I should see an error message below Password 'This is a required field.'.","match":{"arguments":[{"val":"'This is a required field.'","offset":45}],"location":"stepDefinitions.CustomerLoginPageStepDefinitions.iShouldSeeAnErrorMessageBelowPassword(java.lang.String)"},"keyword":"Then "}]},{"start_timestamp":"2024-11-15T07:23:02.791Z","before":[{"result":{"duration":5928427400,"status":"passed"},"match":{"location":"base.Hooks.onStart()"}}],"line":38,"name":"Test 'Create An Account' through Customer Login Page","description":"","id":"test-customer-sign-in;test--create-an-account--through-customer-login-page","after":[{"result":{"duration":933856800,"status":"passed"},"match":{"location":"base.Hooks.afterScenario(io.cucumber.java.Scenario)"}}],"type":"scenario","keyword":"Scenario","steps":[{"result":{"duration":22728733800,"status":"passed"},"line":39,"name":"I am on Customer Login page","match":{"location":"stepDefinitions.CustomerLoginPageStepDefinitions.iAmOnCustomerLoginPage()"},"keyword":"Given "},{"result":{"duration":10000721400,"status":"passed"},"line":40,"name":"I click on Create An Account","match":{"location":"stepDefinitions.CustomerLoginPageStepDefinitions.iClickOnCreateAnAccount()"},"keyword":"When "},{"result":{"duration":35081200,"status":"passed"},"line":41,"name":"I should be redirected to Create New Customer Account page","match":{"location":"stepDefinitions.CustomerLoginPageStepDefinitions.iShouldBeRedirectedToCreateNewCustomerAccountPage()"},"keyword":"Then "}]}],"name":"Test Customer Sign In","description":"  As a customer,\n  I want to sign in into the Magento platform.\n\n  Scenario : Test Login with Valid credentials\n    Given I am on Customer Login page\n    When  I enter an Email 'greghouse_testdummy@gmail.com'\n    And   I enter the Password 'greghouse@123'\n    And   I click on Sign In\n    Then  I am successfully signed in my account\n    And   I am redirected to My Account page","id":"test-customer-sign-in","keyword":"Feature","uri":"file:src/test/resources/features/Customer_Login_Page.feature","tags":[]},{"line":1,"elements":[{"start_timestamp":"2024-11-15T07:23:42.475Z","before":[{"result":{"duration":4430901000,"status":"passed"},"match":{"location":"base.Hooks.onStart()"}}],"line":5,"name":"Create a new account","description":"","id":"test-the-sign-up-flow.;create-a-new-account","after":[{"result":{"duration":923471500,"status":"passed"},"match":{"location":"base.Hooks.afterScenario(io.cucumber.java.Scenario)"}}],"type":"scenario","keyword":"Scenario","steps":[{"result":{"duration":15076034500,"status":"passed"},"line":6,"name":"I am on Home Page","match":{"location":"stepDefinitions.HomePageStepDefinition.iAmOnHomePage()"},"keyword":"Given "},{"result":{"duration":4445946400,"status":"passed"},"line":7,"name":"I click on Create an Account link","match":{"location":"stepDefinitions.HomePageStepDefinition.iClickOnCreateAnAccountLink()"},"keyword":"When "},{"result":{"duration":168902300,"status":"passed"},"line":8,"name":"I am redirected to Create New User Account page","match":{"location":"stepDefinitions.HomePageStepDefinition.iAmRedirectedToCreateNewUserAccountPage()"},"keyword":"Then "}]},{"start_timestamp":"2024-11-15T07:24:07.530Z","before":[{"result":{"duration":4395383100,"status":"passed"},"match":{"location":"base.Hooks.onStart()"}}],"line":10,"name":"Sign In in existing account","description":"","id":"test-the-sign-up-flow.;sign-in-in-existing-account","after":[{"result":{"duration":5743864800,"status":"passed"},"match":{"location":"base.Hooks.afterScenario(io.cucumber.java.Scenario)"}}],"type":"scenario","keyword":"Scenario","steps":[{"result":{"duration":22585210800,"status":"passed"},"line":11,"name":"I am on Home Page","match":{"location":"stepDefinitions.HomePageStepDefinition.iAmOnHomePage()"},"keyword":"Given "},{"result":{"duration":6848358200,"status":"passed"},"line":12,"name":"I click on SignIn link","match":{"location":"stepDefinitions.HomePageStepDefinition.iClickOnSignInLink()"},"keyword":"When "},{"result":{"duration":2985342900,"status":"passed"},"line":13,"name":"I am redirected to Customer Login page","match":{"location":"stepDefinitions.HomePageStepDefinition.iAmRedirectedToCustomerLoginPage()"},"keyword":"Then "}]}],"name":"Test the Sign up flow.","description":"  As a customer,\n  I am to test Sign up and Sign In flow of the Magento platform.","id":"test-the-sign-up-flow.","keyword":"Feature","uri":"file:src/test/resources/features/Home_Page.feature","tags":[]},{"line":1,"elements":[{"start_timestamp":"2024-11-15T07:24:50.115Z","before":[{"result":{"duration":4490102700,"status":"passed"},"match":{"location":"base.Hooks.onStart()"}}],"line":5,"name":"Test Sign out from My Account Page","description":"","id":"test-my-account-page;test-sign-out-from-my-account-page","after":[{"result":{"duration":2814413500,"status":"passed"},"match":{"location":"base.Hooks.afterScenario(io.cucumber.java.Scenario)"}}],"type":"scenario","keyword":"Scenario","steps":[{"result":{"duration":15118635300,"status":"passed"},"line":6,"name":"I am on Customer Login Page","match":{"location":"stepDefinitions.MyAccountPageStepDefinition.iAmOnCustomerLoginPage()"},"keyword":"Given "},{"result":{"duration":5105809700,"status":"passed"},"line":7,"name":"I enter a valid 'greghouse_testdummy@gmail.com' and 'greghouse@123'","match":{"arguments":[{"val":"'greghouse_testdummy@gmail.com'","offset":16},{"val":"'greghouse@123'","offset":52}],"location":"stepDefinitions.MyAccountPageStepDefinition.iEnterAValidEmailAndPassword(java.lang.String,java.lang.String)"},"keyword":"When "},{"result":{"duration":11993800,"status":"passed"},"line":8,"name":"I should be redirected to My Account Page","match":{"location":"stepDefinitions.MyAccountPageStepDefinition.iShouldBeRedirectedToMyAccountPage()"},"keyword":"Then "},{"result":{"duration":160912300,"status":"passed"},"line":9,"name":"I click on User Action Button menu","match":{"location":"stepDefinitions.MyAccountPageStepDefinition.iClickOnUserActionButtonMenu()"},"keyword":"When "},{"result":{"duration":4141665700,"status":"passed"},"line":10,"name":"I click on Sign Out option","match":{"location":"stepDefinitions.MyAccountPageStepDefinition.iClickOnSignOutOption()"},"keyword":"And "},{"result":{"duration":10567106300,"status":"passed"},"line":11,"name":"I should be able to sign out of My Account","match":{"location":"stepDefinitions.MyAccountPageStepDefinition.iShouldBeAbleToSignOutOfMyAccount()"},"keyword":"Then "}]}],"name":"Test My Account Page","description":"  As a customer, I want to sign in and sign out of my account","id":"test-my-account-page","keyword":"Feature","uri":"file:src/test/resources/features/MyAccount_Page.feature","tags":[]}]